/*C9*/SET SCHEMA PUBLIC
CONNECT USER SA
DISCONNECT
/*C10*/SET SCHEMA PUBLIC
CONNECT USER SA
DELETE FROM OWNERS WHERE ID=2
INSERT INTO OWNERS VALUES(2,'Shifei','Luo','GuangZhou','Sun Prairie','16068008')
DISCONNECT
/*C11*/SET SCHEMA PUBLIC
CONNECT USER SA
DISCONNECT
/*C12*/SET SCHEMA PUBLIC
CONNECT USER SA
DELETE FROM OWNERS WHERE ID=2
INSERT INTO OWNERS VALUES(2,'Shifei','Luo','GuangZhou','Sun Prairie','16068008')
DISCONNECT
/*C13*/SET SCHEMA PUBLIC
CONNECT USER SA
DISCONNECT
/*C14*/SET SCHEMA PUBLIC
CONNECT USER SA
SET AUTOCOMMIT FALSE
DELETE FROM OWNERS WHERE ID=2
INSERT INTO OWNERS VALUES(2,'Shifei','Luo','GuangZhou','Sun Prairie','16068008')
ROLLBACK
SET AUTOCOMMIT TRUE
DISCONNECT
/*C15*/SET SCHEMA PUBLIC
CONNECT USER SA
DISCONNECT
/*C16*/SET SCHEMA PUBLIC
CONNECT USER SA
DELETE FROM OWNERS WHERE ID=2
INSERT INTO OWNERS VALUES(2,'Shifei','Luo','GuangZhou','Sun Prairie','16068008')
DISCONNECT
/*C17*/SET SCHEMA PUBLIC
CONNECT USER SA
DISCONNECT
/*C18*/SET SCHEMA PUBLIC
CONNECT USER SA
SET AUTOCOMMIT FALSE
DELETE FROM OWNERS WHERE ID=2
INSERT INTO OWNERS VALUES(2,'Shifei','Luo','GuangZhou','Sun Prairie','16068008')
ROLLBACK
SET AUTOCOMMIT TRUE
DISCONNECT
